Exporter version: 5.6.4, Blender version: 2.79 (sub 0)
========= Conversion from Blender to Babylon.js =========
	Scene settings used :
		export scope        :  ALL
		inline textures     :  false
		Positions Precision :  4
		Normals Precision   :  3
		UVs Precision       :  3
		Vert Color Precision:  3
		Mat Weight Precision:  2
		texture directory   :  /Users/marcbreitung/Projekte/canal-builder/src/assets/meshes/
	Python World class constructor completed
	processing begun of mesh:  Tile D
		processing begun of Standard material:  Ground
		processing begun of Standard material:  Water
		processing begun of multimaterial:  tiles.Multimaterial#0
		num positions      :  54
		num normals        :  54
		num uvs            :  0
		num uvs2           :  0
		num colors         :  0
		num indices        :  276
	processing begun of mesh:  Tile C
		registered as also a user of material:  Ground
		registered as also a user of material:  Water
		processing begun of multimaterial:  tiles.Multimaterial#1
		num positions      :  56
		num normals        :  56
		num uvs            :  0
		num uvs2           :  0
		num colors         :  0
		num indices        :  276
	processing begun of mesh:  Tile B
		registered as also a user of material:  Ground
		registered as also a user of material:  Water
		processing begun of multimaterial:  tiles.Multimaterial#2
		num positions      :  56
		num normals        :  56
		num uvs            :  0
		num uvs2           :  0
		num colors         :  0
		num indices        :  276
	processing begun of mesh:  Tile A
		registered as also a user of material:  Ground
		registered as also a user of material:  Water
		processing begun of multimaterial:  tiles.Multimaterial#3
		num positions      :  60
		num normals        :  60
		num uvs            :  0
		num uvs2           :  0
		num colors         :  0
		num indices        :  276
	processing begun of camera (UniversalCamera):  Camera
	processing begun of light (POINT):  Lamp
========= Writing of scene file started =========
========= Writing of scene file completed =========
========= end of processing =========
elapsed time:  0 min, 0.0168 secs
